This file contains any messages produced by compilers while
running configure, to aid debugging if configure makes a mistake.

It was created by GLoBES configure 3.0.11, which was
generated by GNU Autoconf 2.61.  Invocation command line was

  $ ./configure 

## --------- ##
## Platform. ##
## --------- ##

hostname = mamday
uname -m = x86_64
uname -r = 3.8.0-35-generic
uname -s = Linux
uname -v = #50-Ubuntu SMP Tue Dec 3 01:24:59 UTC 2013

/usr/bin/uname -p = unknown
/bin/uname -X     = unknown

/bin/arch              = unknown
/usr/bin/arch -k       = unknown
/usr/convex/getsysinfo = unknown
/usr/bin/hostinfo      = unknown
/bin/machine           = unknown
/usr/bin/oslevel       = unknown
/bin/universe          = unknown

PATH: /usr/lib/lightdm/lightdm
PATH: /usr/local/sbin
PATH: /usr/local/bin
PATH: /usr/sbin
PATH: /usr/bin
PATH: /sbin
PATH: /bin
PATH: /usr/games
PATH: /usr/local/games


## ----------- ##
## Core tests. ##
## ----------- ##

configure:2053: checking for a BSD-compatible install
configure:2109: result: /usr/bin/install -c
configure:2120: checking whether build environment is sane
configure:2163: result: yes
configure:2191: checking for a thread-safe mkdir -p
configure:2230: result: /bin/mkdir -p
configure:2243: checking for gawk
configure:2273: result: no
configure:2243: checking for mawk
configure:2259: found /usr/bin/mawk
configure:2270: result: mawk
configure:2281: checking whether make sets $(MAKE)
configure:2302: result: yes
configure:2492: checking whether to enable maintainer-specific portions of Makefiles
configure:2501: result: no
configure:2585: checking for gcc
configure:2601: found /usr/bin/gcc
configure:2612: result: gcc
configure:2850: checking for C compiler version
configure:2857: gcc --version >&5
gcc (Ubuntu/Linaro 4.7.3-1ubuntu1) 4.7.3
Copyright (C) 2012 Free Software Foundation, Inc.
This is free software; see the source for copying conditions.  There is NO
warranty; not even for MERCHANTABILITY or FITNESS FOR A PARTICULAR PURPOSE.

configure:2860: $? = 0
configure:2867: gcc -v >&5
Using built-in specs.
COLLECT_GCC=gcc
COLLECT_LTO_WRAPPER=/usr/lib/gcc/x86_64-linux-gnu/4.7/lto-wrapper
Target: x86_64-linux-gnu
Configured with: ../src/configure -v --with-pkgversion='Ubuntu/Linaro 4.7.3-1ubuntu1' --with-bugurl=file:///usr/share/doc/gcc-4.7/README.Bugs --enable-languages=c,c++,go,fortran,objc,obj-c++ --prefix=/usr --program-suffix=-4.7 --enable-shared --enable-linker-build-id --libexecdir=/usr/lib --without-included-gettext --enable-threads=posix --with-gxx-include-dir=/usr/include/c++/4.7 --libdir=/usr/lib --enable-nls --with-sysroot=/ --enable-clocale=gnu --enable-libstdcxx-debug --enable-libstdcxx-time=yes --enable-gnu-unique-object --enable-plugin --with-system-zlib --enable-objc-gc --with-cloog --enable-cloog-backend=ppl --disable-cloog-version-check --disable-ppl-version-check --enable-multiarch --disable-werror --with-arch-32=i686 --with-abi=m64 --with-multilib-list=m32,m64,mx32 --with-tune=generic --enable-checking=release --build=x86_64-linux-gnu --host=x86_64-linux-gnu --target=x86_64-linux-gnu
Thread model: posix
gcc version 4.7.3 (Ubuntu/Linaro 4.7.3-1ubuntu1) 
configure:2870: $? = 0
configure:2877: gcc -V >&5
gcc: error: unrecognized command line option '-V'
gcc: fatal error: no input files
compilation terminated.
configure:2880: $? = 4
configure:2903: checking for C compiler default output file name
configure:2930: gcc    conftest.c  >&5
configure:2933: $? = 0
configure:2971: result: a.out
configure:2988: checking whether the C compiler works
configure:2998: ./a.out
configure:3001: $? = 0
configure:3018: result: yes
configure:3025: checking whether we are cross compiling
configure:3027: result: no
configure:3030: checking for suffix of executables
configure:3037: gcc -o conftest    conftest.c  >&5
configure:3040: $? = 0
configure:3064: result: 
configure:3070: checking for suffix of object files
configure:3096: gcc -c   conftest.c >&5
configure:3099: $? = 0
configure:3122: result: o
configure:3126: checking whether we are using the GNU C compiler
configure:3155: gcc -c   conftest.c >&5
configure:3161: $? = 0
configure:3178: result: yes
configure:3183: checking whether gcc accepts -g
configure:3213: gcc -c -g  conftest.c >&5
configure:3219: $? = 0
configure:3318: result: yes
configure:3335: checking for gcc option to accept ISO C89
configure:3409: gcc  -c -g -O2  conftest.c >&5
configure:3415: $? = 0
configure:3438: result: none needed
configure:3467: checking for style of include used by make
configure:3495: result: GNU
configure:3520: checking dependency style of gcc
configure:3611: result: gcc3
configure:3632: checking how to run the C preprocessor
configure:3672: gcc -E  conftest.c
configure:3678: $? = 0
configure:3709: gcc -E  conftest.c
conftest.c:11:28: fatal error: ac_nonexistent.h: No such file or directory
compilation terminated.
configure:3715: $? = 1
configure: failed program was:
| /* confdefs.h.  */
| #define PACKAGE_NAME "GLoBES"
| #define PACKAGE_TARNAME "globes"
| #define PACKAGE_VERSION "3.0.11"
| #define PACKAGE_STRING "GLoBES 3.0.11"
| #define PACKAGE_BUGREPORT "globes@mpi-hd.mpg.de"
| #define PACKAGE "globes"
| #define VERSION "3.0.11"
| #define GLB_LIBVERSION "8:12:0"
| /* end confdefs.h.  */
| #include <ac_nonexistent.h>
configure:3748: result: gcc -E
configure:3777: gcc -E  conftest.c
configure:3783: $? = 0
configure:3814: gcc -E  conftest.c
conftest.c:11:28: fatal error: ac_nonexistent.h: No such file or directory
compilation terminated.
configure:3820: $? = 1
configure: failed program was:
| /* confdefs.h.  */
| #define PACKAGE_NAME "GLoBES"
| #define PACKAGE_TARNAME "globes"
| #define PACKAGE_VERSION "3.0.11"
| #define PACKAGE_STRING "GLoBES 3.0.11"
| #define PACKAGE_BUGREPORT "globes@mpi-hd.mpg.de"
| #define PACKAGE "globes"
| #define VERSION "3.0.11"
| #define GLB_LIBVERSION "8:12:0"
| /* end confdefs.h.  */
| #include <ac_nonexistent.h>
configure:3858: checking for grep that handles long lines and -e
configure:3932: result: /bin/grep
configure:3937: checking for egrep
configure:4015: result: /bin/grep -E
configure:4021: checking for AIX
configure:4043: result: no
configure:4049: checking for ANSI C header files
configure:4079: gcc -c -g -O2  conftest.c >&5
configure:4085: $? = 0
configure:4184: gcc -o conftest -g -O2   conftest.c  >&5
configure:4187: $? = 0
configure:4193: ./conftest
configure:4196: $? = 0
configure:4213: result: yes
configure:4237: checking for sys/types.h
configure:4258: gcc -c -g -O2  conftest.c >&5
configure:4264: $? = 0
configure:4280: result: yes
configure:4237: checking for sys/stat.h
configure:4258: gcc -c -g -O2  conftest.c >&5
configure:4264: $? = 0
configure:4280: result: yes
configure:4237: checking for stdlib.h
configure:4258: gcc -c -g -O2  conftest.c >&5
configure:4264: $? = 0
configure:4280: result: yes
configure:4237: checking for string.h
configure:4258: gcc -c -g -O2  conftest.c >&5
configure:4264: $? = 0
configure:4280: result: yes
configure:4237: checking for memory.h
configure:4258: gcc -c -g -O2  conftest.c >&5
configure:4264: $? = 0
configure:4280: result: yes
configure:4237: checking for strings.h
configure:4258: gcc -c -g -O2  conftest.c >&5
configure:4264: $? = 0
configure:4280: result: yes
configure:4237: checking for inttypes.h
configure:4258: gcc -c -g -O2  conftest.c >&5
configure:4264: $? = 0
configure:4280: result: yes
configure:4237: checking for stdint.h
configure:4258: gcc -c -g -O2  conftest.c >&5
configure:4264: $? = 0
configure:4280: result: yes
configure:4237: checking for unistd.h
configure:4258: gcc -c -g -O2  conftest.c >&5
configure:4264: $? = 0
configure:4280: result: yes
configure:4302: checking minix/config.h usability
configure:4319: gcc -c -g -O2  conftest.c >&5
conftest.c:54:26: fatal error: minix/config.h: No such file or directory
compilation terminated.
configure:4325: $? = 1
configure: failed program was:
| /* confdefs.h.  */
| #define PACKAGE_NAME "GLoBES"
| #define PACKAGE_TARNAME "globes"
| #define PACKAGE_VERSION "3.0.11"
| #define PACKAGE_STRING "GLoBES 3.0.11"
| #define PACKAGE_BUGREPORT "globes@mpi-hd.mpg.de"
| #define PACKAGE "globes"
| #define VERSION "3.0.11"
| #define GLB_LIBVERSION "8:12:0"
| #define STDC_HEADERS 1
| #define HAVE_SYS_TYPES_H 1
| #define HAVE_SYS_STAT_H 1
| #define HAVE_STDLIB_H 1
| #define HAVE_STRING_H 1
| #define HAVE_MEMORY_H 1
| #define HAVE_STRINGS_H 1
| #define HAVE_INTTYPES_H 1
| #define HAVE_STDINT_H 1
| #define HAVE_UNISTD_H 1
| /* end confdefs.h.  */
| #include <stdio.h>
| #ifdef HAVE_SYS_TYPES_H
| # include <sys/types.h>
| #endif
| #ifdef HAVE_SYS_STAT_H
| # include <sys/stat.h>
| #endif
| #ifdef STDC_HEADERS
| # include <stdlib.h>
| # include <stddef.h>
| #else
| # ifdef HAVE_STDLIB_H
| #  include <stdlib.h>
| # endif
| #endif
| #ifdef HAVE_STRING_H
| # if !defined STDC_HEADERS && defined HAVE_MEMORY_H
| #  include <memory.h>
| # endif
| # include <string.h>
| #endif
| #ifdef HAVE_STRINGS_H
| # include <strings.h>
| #endif
| #ifdef HAVE_INTTYPES_H
| # include <inttypes.h>
| #endif
| #ifdef HAVE_STDINT_H
| # include <stdint.h>
| #endif
| #ifdef HAVE_UNISTD_H
| # include <unistd.h>
| #endif
| #include <minix/config.h>
configure:4339: result: no
configure:4343: checking minix/config.h presence
configure:4358: gcc -E  conftest.c
conftest.c:21:26: fatal error: minix/config.h: No such file or directory
compilation terminated.
configure:4364: $? = 1
configure: failed program was:
| /* confdefs.h.  */
| #define PACKAGE_NAME "GLoBES"
| #define PACKAGE_TARNAME "globes"
| #define PACKAGE_VERSION "3.0.11"
| #define PACKAGE_STRING "GLoBES 3.0.11"
| #define PACKAGE_BUGREPORT "globes@mpi-hd.mpg.de"
| #define PACKAGE "globes"
| #define VERSION "3.0.11"
| #define GLB_LIBVERSION "8:12:0"
| #define STDC_HEADERS 1
| #define HAVE_SYS_TYPES_H 1
| #define HAVE_SYS_STAT_H 1
| #define HAVE_STDLIB_H 1
| #define HAVE_STRING_H 1
| #define HAVE_MEMORY_H 1
| #define HAVE_STRINGS_H 1
| #define HAVE_INTTYPES_H 1
| #define HAVE_STDINT_H 1
| #define HAVE_UNISTD_H 1
| /* end confdefs.h.  */
| #include <minix/config.h>
configure:4378: result: no
configure:4411: checking for minix/config.h
configure:4418: result: no
configure:4470: checking for gcc option to accept ISO C99
configure:4600: gcc  -c -g -O2  conftest.c >&5
conftest.c:44:28: error: expected ';', ',' or ')' before 'text'
conftest.c: In function 'main':
conftest.c:100:18: error: expected '=', ',', ';', 'asm' or '__attribute__' before 'newvar'
conftest.c:100:18: error: 'newvar' undeclared (first use in this function)
conftest.c:100:18: note: each undeclared identifier is reported only once for each function it appears in
conftest.c:109:3: error: 'for' loop initial declarations are only allowed in C99 mode
conftest.c:109:3: note: use option -std=c99 or -std=gnu99 to compile your code
configure:4606: $? = 1
configure: failed program was:
| /* confdefs.h.  */
| #define PACKAGE_NAME "GLoBES"
| #define PACKAGE_TARNAME "globes"
| #define PACKAGE_VERSION "3.0.11"
| #define PACKAGE_STRING "GLoBES 3.0.11"
| #define PACKAGE_BUGREPORT "globes@mpi-hd.mpg.de"
| #define PACKAGE "globes"
| #define VERSION "3.0.11"
| #define GLB_LIBVERSION "8:12:0"
| #define STDC_HEADERS 1
| #define HAVE_SYS_TYPES_H 1
| #define HAVE_SYS_STAT_H 1
| #define HAVE_STDLIB_H 1
| #define HAVE_STRING_H 1
| #define HAVE_MEMORY_H 1
| #define HAVE_STRINGS_H 1
| #define HAVE_INTTYPES_H 1
| #define HAVE_STDINT_H 1
| #define HAVE_UNISTD_H 1
| #define _GNU_SOURCE 1
| #define __EXTENSIONS__ 1
| /* end confdefs.h.  */
| #include <stdarg.h>
| #include <stdbool.h>
| #include <stdlib.h>
| #include <wchar.h>
| #include <stdio.h>
| 
| struct incomplete_array
| {
|   int datasize;
|   double data[];
| };
| 
| struct named_init {
|   int number;
|   const wchar_t *name;
|   double average;
| };
| 
| typedef const char *ccp;
| 
| static inline int
| test_restrict(ccp restrict text)
| {
|   // See if C++-style comments work.
|   // Iterate through items via the restricted pointer.
|   // Also check for declarations in for loops.
|   for (unsigned int i = 0; *(text+i) != '\0'; ++i)
|     continue;
|   return 0;
| }
| 
| // Check varargs and va_copy work.
| static void
| test_varargs(const char *format, ...)
| {
|   va_list args;
|   va_start(args, format);
|   va_list args_copy;
|   va_copy(args_copy, args);
| 
|   const char *str;
|   int number;
|   float fnumber;
| 
|   while (*format)
|     {
|       switch (*format++)
| 	{
| 	case 's': // string
| 	  str = va_arg(args_copy, const char *);
| 	  break;
| 	case 'd': // int
| 	  number = va_arg(args_copy, int);
| 	  break;
| 	case 'f': // float
| 	  fnumber = (float) va_arg(args_copy, double);
| 	  break;
| 	default:
| 	  break;
| 	}
|     }
|   va_end(args_copy);
|   va_end(args);
| }
| 
| int
| main ()
| {
| 
|   // Check bool and long long datatypes.
|   _Bool success = false;
|   long long int bignum = -1234567890LL;
|   unsigned long long int ubignum = 1234567890uLL;
| 
|   // Check restrict.
|   if (test_restrict("String literal") != 0)
|     success = true;
|   char *restrict newvar = "Another string";
| 
|   // Check varargs.
|   test_varargs("s, d' f .", "string", 65, 34.234);
| 
|   // Check incomplete arrays work.
|   struct incomplete_array *ia =
|     malloc(sizeof(struct incomplete_array) + (sizeof(double) * 10));
|   ia->datasize = 10;
|   for (int i = 0; i < ia->datasize; ++i)
|     ia->data[i] = (double) i * 1.234;
| 
|   // Check named initialisers.
|   struct named_init ni = {
|     .number = 34,
|     .name = L"Test wide string",
|     .average = 543.34343,
|   };
| 
|   ni.number = 58;
| 
|   int dynamic_array[ni.number];
|   dynamic_array[43] = 543;
| 
|   // work around unused variable warnings
|   return  bignum == 0LL || ubignum == 0uLL || newvar[0] == 'x';
| 
|   ;
|   return 0;
| }
configure:4600: gcc -std=gnu99 -c -g -O2  conftest.c >&5
configure:4606: $? = 0
configure:4636: result: -std=gnu99
configure:4652: checking how to run the C preprocessor
configure:4768: result: gcc -E
configure:4797: gcc -E  conftest.c
configure:4803: $? = 0
configure:4834: gcc -E  conftest.c
conftest.c:23:28: fatal error: ac_nonexistent.h: No such file or directory
compilation terminated.
configure:4840: $? = 1
configure: failed program was:
| /* confdefs.h.  */
| #define PACKAGE_NAME "GLoBES"
| #define PACKAGE_TARNAME "globes"
| #define PACKAGE_VERSION "3.0.11"
| #define PACKAGE_STRING "GLoBES 3.0.11"
| #define PACKAGE_BUGREPORT "globes@mpi-hd.mpg.de"
| #define PACKAGE "globes"
| #define VERSION "3.0.11"
| #define GLB_LIBVERSION "8:12:0"
| #define STDC_HEADERS 1
| #define HAVE_SYS_TYPES_H 1
| #define HAVE_SYS_STAT_H 1
| #define HAVE_STDLIB_H 1
| #define HAVE_STRING_H 1
| #define HAVE_MEMORY_H 1
| #define HAVE_STRINGS_H 1
| #define HAVE_INTTYPES_H 1
| #define HAVE_STDINT_H 1
| #define HAVE_UNISTD_H 1
| #define _GNU_SOURCE 1
| #define __EXTENSIONS__ 1
| /* end confdefs.h.  */
| #include <ac_nonexistent.h>
configure:4890: checking for a BSD-compatible install
configure:4946: result: /usr/bin/install -c
configure:4957: checking whether ln -s works
configure:4961: result: yes
configure:4972: checking for bison
configure:5002: result: no
configure:4972: checking for byacc
configure:5002: result: no
configure:5015: checking for flex
configure:5045: result: no
configure:5015: checking for lex
configure:5045: result: no
configure:5294: checking build system type
configure:5312: result: x86_64-unknown-linux-gnu
configure:5334: checking host system type
configure:5349: result: x86_64-unknown-linux-gnu
configure:5371: checking for a sed that does not truncate output
configure:5425: result: /bin/sed
configure:5439: checking for ld used by gcc -std=gnu99
configure:5506: result: /usr/bin/ld
configure:5515: checking if the linker (/usr/bin/ld) is GNU ld
configure:5530: result: yes
configure:5535: checking for /usr/bin/ld option to reload object files
configure:5542: result: -r
configure:5560: checking for BSD-compatible nm
configure:5609: result: /usr/bin/nm -B
configure:5613: checking how to recognise dependent libraries
configure:5789: result: pass_all
configure:5876: gcc -std=gnu99 -c -g -O2  conftest.c >&5
configure:5879: $? = 0
configure:6032: checking dlfcn.h usability
configure:6049: gcc -std=gnu99 -c -g -O2  conftest.c >&5
configure:6055: $? = 0
configure:6069: result: yes
configure:6073: checking dlfcn.h presence
configure:6088: gcc -E  conftest.c
configure:6094: $? = 0
configure:6108: result: yes
configure:6141: checking for dlfcn.h
configure:6149: result: yes
configure:6220: checking for g++
configure:6236: found /usr/bin/g++
configure:6247: result: g++
configure:6278: checking for C++ compiler version
configure:6285: g++ --version >&5
g++ (Ubuntu/Linaro 4.7.3-1ubuntu1) 4.7.3
Copyright (C) 2012 Free Software Foundation, Inc.
This is free software; see the source for copying conditions.  There is NO
warranty; not even for MERCHANTABILITY or FITNESS FOR A PARTICULAR PURPOSE.

configure:6288: $? = 0
configure:6295: g++ -v >&5
Using built-in specs.
COLLECT_GCC=g++
COLLECT_LTO_WRAPPER=/usr/lib/gcc/x86_64-linux-gnu/4.7/lto-wrapper
Target: x86_64-linux-gnu
Configured with: ../src/configure -v --with-pkgversion='Ubuntu/Linaro 4.7.3-1ubuntu1' --with-bugurl=file:///usr/share/doc/gcc-4.7/README.Bugs --enable-languages=c,c++,go,fortran,objc,obj-c++ --prefix=/usr --program-suffix=-4.7 --enable-shared --enable-linker-build-id --libexecdir=/usr/lib --without-included-gettext --enable-threads=posix --with-gxx-include-dir=/usr/include/c++/4.7 --libdir=/usr/lib --enable-nls --with-sysroot=/ --enable-clocale=gnu --enable-libstdcxx-debug --enable-libstdcxx-time=yes --enable-gnu-unique-object --enable-plugin --with-system-zlib --enable-objc-gc --with-cloog --enable-cloog-backend=ppl --disable-cloog-version-check --disable-ppl-version-check --enable-multiarch --disable-werror --with-arch-32=i686 --with-abi=m64 --with-multilib-list=m32,m64,mx32 --with-tune=generic --enable-checking=release --build=x86_64-linux-gnu --host=x86_64-linux-gnu --target=x86_64-linux-gnu
Thread model: posix
gcc version 4.7.3 (Ubuntu/Linaro 4.7.3-1ubuntu1) 
configure:6298: $? = 0
configure:6305: g++ -V >&5
g++: error: unrecognized command line option '-V'
g++: fatal error: no input files
compilation terminated.
configure:6308: $? = 4
configure:6311: checking whether we are using the GNU C++ compiler
configure:6340: g++ -c   conftest.cpp >&5
configure:6346: $? = 0
configure:6363: result: yes
configure:6368: checking whether g++ accepts -g
configure:6398: g++ -c -g  conftest.cpp >&5
configure:6404: $? = 0
configure:6503: result: yes
configure:6528: checking dependency style of g++
configure:6619: result: gcc3
configure:6644: checking how to run the C++ preprocessor
configure:6680: g++ -E  conftest.cpp
configure:6686: $? = 0
configure:6717: g++ -E  conftest.cpp
conftest.cpp:24:28: fatal error: ac_nonexistent.h: No such file or directory
compilation terminated.
configure:6723: $? = 1
configure: failed program was:
| /* confdefs.h.  */
| #define PACKAGE_NAME "GLoBES"
| #define PACKAGE_TARNAME "globes"
| #define PACKAGE_VERSION "3.0.11"
| #define PACKAGE_STRING "GLoBES 3.0.11"
| #define PACKAGE_BUGREPORT "globes@mpi-hd.mpg.de"
| #define PACKAGE "globes"
| #define VERSION "3.0.11"
| #define GLB_LIBVERSION "8:12:0"
| #define STDC_HEADERS 1
| #define HAVE_SYS_TYPES_H 1
| #define HAVE_SYS_STAT_H 1
| #define HAVE_STDLIB_H 1
| #define HAVE_STRING_H 1
| #define HAVE_MEMORY_H 1
| #define HAVE_STRINGS_H 1
| #define HAVE_INTTYPES_H 1
| #define HAVE_STDINT_H 1
| #define HAVE_UNISTD_H 1
| #define _GNU_SOURCE 1
| #define __EXTENSIONS__ 1
| #define HAVE_DLFCN_H 1
| /* end confdefs.h.  */
| #include <ac_nonexistent.h>
configure:6756: result: g++ -E
configure:6785: g++ -E  conftest.cpp
configure:6791: $? = 0
configure:6822: g++ -E  conftest.cpp
conftest.cpp:24:28: fatal error: ac_nonexistent.h: No such file or directory
compilation terminated.
configure:6828: $? = 1
configure: failed program was:
| /* confdefs.h.  */
| #define PACKAGE_NAME "GLoBES"
| #define PACKAGE_TARNAME "globes"
| #define PACKAGE_VERSION "3.0.11"
| #define PACKAGE_STRING "GLoBES 3.0.11"
| #define PACKAGE_BUGREPORT "globes@mpi-hd.mpg.de"
| #define PACKAGE "globes"
| #define VERSION "3.0.11"
| #define GLB_LIBVERSION "8:12:0"
| #define STDC_HEADERS 1
| #define HAVE_SYS_TYPES_H 1
| #define HAVE_SYS_STAT_H 1
| #define HAVE_STDLIB_H 1
| #define HAVE_STRING_H 1
| #define HAVE_MEMORY_H 1
| #define HAVE_STRINGS_H 1
| #define HAVE_INTTYPES_H 1
| #define HAVE_STDINT_H 1
| #define HAVE_UNISTD_H 1
| #define _GNU_SOURCE 1
| #define __EXTENSIONS__ 1
| #define HAVE_DLFCN_H 1
| /* end confdefs.h.  */
| #include <ac_nonexistent.h>
configure:6921: checking for g77
configure:6951: result: no
configure:6921: checking for xlf
configure:6951: result: no
configure:6921: checking for f77
configure:6951: result: no
configure:6921: checking for frt
configure:6951: result: no
configure:6921: checking for pgf77
configure:6951: result: no
configure:6921: checking for cf77
configure:6951: result: no
configure:6921: checking for fort77
configure:6951: result: no
configure:6921: checking for fl32
configure:6951: result: no
configure:6921: checking for af77
configure:6951: result: no
configure:6921: checking for xlf90
configure:6951: result: no
configure:6921: checking for f90
configure:6951: result: no
configure:6921: checking for pgf90
configure:6951: result: no
configure:6921: checking for pghpf
configure:6951: result: no
configure:6921: checking for epcf90
configure:6951: result: no
configure:6921: checking for gfortran
configure:6937: found /usr/bin/gfortran
configure:6948: result: gfortran
configure:6978: checking for Fortran 77 compiler version
configure:6985: gfortran --version >&5
GNU Fortran (Ubuntu/Linaro 4.7.3-1ubuntu1) 4.7.3
Copyright (C) 2012 Free Software Foundation, Inc.

GNU Fortran comes with NO WARRANTY, to the extent permitted by law.
You may redistribute copies of GNU Fortran
under the terms of the GNU General Public License.
For more information about these matters, see the file named COPYING

configure:6988: $? = 0
configure:6995: gfortran -v >&5
Using built-in specs.
COLLECT_GCC=gfortran
COLLECT_LTO_WRAPPER=/usr/lib/gcc/x86_64-linux-gnu/4.7/lto-wrapper
Target: x86_64-linux-gnu
Configured with: ../src/configure -v --with-pkgversion='Ubuntu/Linaro 4.7.3-1ubuntu1' --with-bugurl=file:///usr/share/doc/gcc-4.7/README.Bugs --enable-languages=c,c++,go,fortran,objc,obj-c++ --prefix=/usr --program-suffix=-4.7 --enable-shared --enable-linker-build-id --libexecdir=/usr/lib --without-included-gettext --enable-threads=posix --with-gxx-include-dir=/usr/include/c++/4.7 --libdir=/usr/lib --enable-nls --with-sysroot=/ --enable-clocale=gnu --enable-libstdcxx-debug --enable-libstdcxx-time=yes --enable-gnu-unique-object --enable-plugin --with-system-zlib --enable-objc-gc --with-cloog --enable-cloog-backend=ppl --disable-cloog-version-check --disable-ppl-version-check --enable-multiarch --disable-werror --with-arch-32=i686 --with-abi=m64 --with-multilib-list=m32,m64,mx32 --with-tune=generic --enable-checking=release --build=x86_64-linux-gnu --host=x86_64-linux-gnu --target=x86_64-linux-gnu
Thread model: posix
gcc version 4.7.3 (Ubuntu/Linaro 4.7.3-1ubuntu1) 
configure:6998: $? = 0
configure:7005: gfortran -V >&5
gfortran: error: unrecognized command line option '-V'
gfortran: fatal error: no input files
compilation terminated.
configure:7008: $? = 4
configure:7016: checking whether we are using the GNU Fortran 77 compiler
configure:7035: gfortran -c  conftest.F >&5
configure:7041: $? = 0
configure:7058: result: yes
configure:7064: checking whether gfortran accepts -g
configure:7081: gfortran -c -g conftest.f >&5
configure:7087: $? = 0
configure:7103: result: yes
configure:7133: checking the maximum length of command line arguments
configure:7242: result: 32768
configure:7253: checking command to parse /usr/bin/nm -B output from gcc -std=gnu99 object
configure:7358: gcc -std=gnu99 -c -g -O2  conftest.c >&5
configure:7361: $? = 0
configure:7365: /usr/bin/nm -B conftest.o \| sed -n -e 's/^.*[ 	]\([ABCDGIRSTW][ABCDGIRSTW]*\)[ 	][ 	]*\([_A-Za-z][_A-Za-z0-9]*\)$/\1 \2 \2/p' \> conftest.nm
configure:7368: $? = 0
configure:7420: gcc -std=gnu99 -o conftest -g -O2   conftest.c conftstm.o >&5
configure:7423: $? = 0
configure:7461: result: ok
configure:7465: checking for objdir
configure:7480: result: .libs
configure:7572: checking for ar
configure:7588: found /usr/bin/ar
configure:7599: result: ar
configure:7668: checking for ranlib
configure:7684: found /usr/bin/ranlib
configure:7695: result: ranlib
configure:7764: checking for strip
configure:7780: found /usr/bin/strip
configure:7791: result: strip
configure:8077: checking if gcc -std=gnu99 supports -fno-rtti -fno-exceptions
configure:8095: gcc -std=gnu99 -c -g -O2  -fno-rtti -fno-exceptions conftest.c >&5
cc1: warning: command line option '-fno-rtti' is valid for C++/ObjC++ but not for C [enabled by default]
configure:8099: $? = 0
configure:8112: result: no
configure:8127: checking for gcc -std=gnu99 option to produce PIC
configure:8337: result: -fPIC
configure:8345: checking if gcc -std=gnu99 PIC flag -fPIC works
configure:8363: gcc -std=gnu99 -c -g -O2  -fPIC -DPIC conftest.c >&5
configure:8367: $? = 0
configure:8380: result: yes
configure:8408: checking if gcc -std=gnu99 static flag -static works
configure:8436: result: yes
configure:8446: checking if gcc -std=gnu99 supports -c -o file.o
configure:8467: gcc -std=gnu99 -c -g -O2  -o out/conftest2.o conftest.c >&5
configure:8471: $? = 0
configure:8493: result: yes
configure:8519: checking whether the gcc -std=gnu99 linker (/usr/bin/ld -m elf_x86_64) supports shared libraries
configure:9474: result: yes
configure:9495: checking whether -lc should be explicitly linked in
configure:9500: gcc -std=gnu99 -c -g -O2  conftest.c >&5
configure:9503: $? = 0
configure:9518: gcc -std=gnu99 -shared conftest.o  -v -Wl,-soname -Wl,conftest -o conftest 2\>\&1 \| grep  -lc  \>/dev/null 2\>\&1
configure:9521: $? = 0
configure:9533: result: no
configure:9541: checking dynamic linker characteristics
configure:10117: result: GNU/Linux ld.so
configure:10126: checking how to hardcode library paths into programs
configure:10151: result: immediate
configure:10165: checking whether stripping libraries is possible
configure:10170: result: yes
configure:10971: checking if libtool supports shared libraries
configure:10973: result: yes
configure:10976: checking whether to build shared libraries
configure:10997: result: yes
configure:11000: checking whether to build static libraries
configure:11004: result: yes
configure:11096: creating libtool
configure:11684: checking for ld used by g++
configure:11751: result: /usr/bin/ld -m elf_x86_64
configure:11760: checking if the linker (/usr/bin/ld -m elf_x86_64) is GNU ld
configure:11775: result: yes
configure:11826: checking whether the g++ linker (/usr/bin/ld -m elf_x86_64) supports shared libraries
configure:12760: result: yes
configure:12778: g++ -c -g -O2  conftest.cpp >&5
configure:12781: $? = 0
configure:12900: checking for g++ option to produce PIC
configure:13174: result: -fPIC
configure:13182: checking if g++ PIC flag -fPIC works
configure:13200: g++ -c -g -O2  -fPIC -DPIC conftest.cpp >&5
configure:13204: $? = 0
configure:13217: result: yes
configure:13245: checking if g++ static flag -static works
configure:13273: result: yes
configure:13283: checking if g++ supports -c -o file.o
configure:13304: g++ -c -g -O2  -o out/conftest2.o conftest.cpp >&5
configure:13308: $? = 0
configure:13330: result: yes
configure:13356: checking whether the g++ linker (/usr/bin/ld -m elf_x86_64) supports shared libraries
configure:13384: result: yes
configure:13451: checking dynamic linker characteristics
configure:14027: result: GNU/Linux ld.so
configure:14036: checking how to hardcode library paths into programs
configure:14061: result: immediate
configure:14587: checking if libtool supports shared libraries
configure:14589: result: yes
configure:14592: checking whether to build shared libraries
configure:14612: result: yes
configure:14615: checking whether to build static libraries
configure:14619: result: yes
configure:14629: checking for gfortran option to produce PIC
configure:14839: result: -fPIC
configure:14847: checking if gfortran PIC flag -fPIC works
configure:14865: gfortran -c -g -O2 -fPIC conftest.f >&5
configure:14869: $? = 0
configure:14882: result: yes
configure:14910: checking if gfortran static flag -static works
configure:14938: result: yes
configure:14948: checking if gfortran supports -c -o file.o
configure:14969: gfortran -c -g -O2 -o out/conftest2.o conftest.f >&5
configure:14973: $? = 0
configure:14995: result: yes
configure:15021: checking whether the gfortran linker (/usr/bin/ld -m elf_x86_64) supports shared libraries
configure:15956: result: yes
configure:16023: checking dynamic linker characteristics
configure:16599: result: GNU/Linux ld.so
configure:16608: checking how to hardcode library paths into programs
configure:16633: result: immediate
configure:20182: checking for working alloca.h
configure:20209: gcc -std=gnu99 -o conftest -g -O2   conftest.c  >&5
configure:20215: $? = 0
configure:20232: result: yes
configure:20242: checking for alloca
configure:20289: gcc -std=gnu99 -o conftest -g -O2   conftest.c  >&5
configure:20295: $? = 0
configure:20312: result: yes
configure:20539: checking for inline
configure:20565: gcc -std=gnu99 -c -g -O2  conftest.c >&5
configure:20571: $? = 0
configure:20589: result: inline
configure:20609: checking whether clearerr_unlocked is declared
configure:20638: gcc -std=gnu99 -c -g -O2  conftest.c >&5
configure:20644: $? = 0
configure:20659: result: yes
configure:20679: checking whether feof_unlocked is declared
configure:20708: gcc -std=gnu99 -c -g -O2  conftest.c >&5
configure:20714: $? = 0
configure:20729: result: yes
configure:20749: checking whether ferror_unlocked is declared
configure:20778: gcc -std=gnu99 -c -g -O2  conftest.c >&5
configure:20784: $? = 0
configure:20799: result: yes
configure:20819: checking whether fflush_unlocked is declared
configure:20848: gcc -std=gnu99 -c -g -O2  conftest.c >&5
configure:20854: $? = 0
configure:20869: result: yes
configure:20889: checking whether fgets_unlocked is declared
configure:20918: gcc -std=gnu99 -c -g -O2  conftest.c >&5
configure:20924: $? = 0
configure:20939: result: yes
configure:20959: checking whether fputc_unlocked is declared
configure:20988: gcc -std=gnu99 -c -g -O2  conftest.c >&5
configure:20994: $? = 0
configure:21009: result: yes
configure:21029: checking whether fputs_unlocked is declared
configure:21058: gcc -std=gnu99 -c -g -O2  conftest.c >&5
configure:21064: $? = 0
configure:21079: result: yes
configure:21099: checking whether fread_unlocked is declared
configure:21128: gcc -std=gnu99 -c -g -O2  conftest.c >&5
configure:21134: $? = 0
configure:21149: result: yes
configure:21169: checking whether fwrite_unlocked is declared
configure:21198: gcc -std=gnu99 -c -g -O2  conftest.c >&5
configure:21204: $? = 0
configure:21219: result: yes
configure:21239: checking whether getc_unlocked is declared
configure:21268: gcc -std=gnu99 -c -g -O2  conftest.c >&5
configure:21274: $? = 0
configure:21289: result: yes
configure:21309: checking whether getchar_unlocked is declared
configure:21338: gcc -std=gnu99 -c -g -O2  conftest.c >&5
configure:21344: $? = 0
configure:21359: result: yes
configure:21379: checking whether putc_unlocked is declared
configure:21408: gcc -std=gnu99 -c -g -O2  conftest.c >&5
configure:21414: $? = 0
configure:21429: result: yes
configure:21449: checking whether putchar_unlocked is declared
configure:21478: gcc -std=gnu99 -c -g -O2  conftest.c >&5
configure:21484: $? = 0
configure:21499: result: yes
configure:21573: checking for flockfile
configure:21629: gcc -std=gnu99 -o conftest -g -O2   conftest.c  >&5
configure:21635: $? = 0
configure:21653: result: yes
configure:21573: checking for funlockfile
configure:21629: gcc -std=gnu99 -o conftest -g -O2   conftest.c  >&5
configure:21635: $? = 0
configure:21653: result: yes
configure:21693: checking features.h usability
configure:21710: gcc -std=gnu99 -c -g -O2  conftest.c >&5
configure:21716: $? = 0
configure:21730: result: yes
configure:21734: checking features.h presence
configure:21749: gcc -E  conftest.c
configure:21755: $? = 0
configure:21769: result: yes
configure:21802: checking for features.h
configure:21810: result: yes
configure:21693: checking linewrap.h usability
configure:21710: gcc -std=gnu99 -c -g -O2  conftest.c >&5
conftest.c:75:22: fatal error: linewrap.h: No such file or directory
compilation terminated.
configure:21716: $? = 1
configure: failed program was:
| /* confdefs.h.  */
| #define PACKAGE_NAME "GLoBES"
| #define PACKAGE_TARNAME "globes"
| #define PACKAGE_VERSION "3.0.11"
| #define PACKAGE_STRING "GLoBES 3.0.11"
| #define PACKAGE_BUGREPORT "globes@mpi-hd.mpg.de"
| #define PACKAGE "globes"
| #define VERSION "3.0.11"
| #define GLB_LIBVERSION "8:12:0"
| #define STDC_HEADERS 1
| #define HAVE_SYS_TYPES_H 1
| #define HAVE_SYS_STAT_H 1
| #define HAVE_STDLIB_H 1
| #define HAVE_STRING_H 1
| #define HAVE_MEMORY_H 1
| #define HAVE_STRINGS_H 1
| #define HAVE_INTTYPES_H 1
| #define HAVE_STDINT_H 1
| #define HAVE_UNISTD_H 1
| #define _GNU_SOURCE 1
| #define __EXTENSIONS__ 1
| #define HAVE_DLFCN_H 1
| #define HAVE_ALLOCA_H 1
| #define HAVE_ALLOCA 1
| #define HAVE_DECL_CLEARERR_UNLOCKED 1
| #define HAVE_DECL_FEOF_UNLOCKED 1
| #define HAVE_DECL_FERROR_UNLOCKED 1
| #define HAVE_DECL_FFLUSH_UNLOCKED 1
| #define HAVE_DECL_FGETS_UNLOCKED 1
| #define HAVE_DECL_FPUTC_UNLOCKED 1
| #define HAVE_DECL_FPUTS_UNLOCKED 1
| #define HAVE_DECL_FREAD_UNLOCKED 1
| #define HAVE_DECL_FWRITE_UNLOCKED 1
| #define HAVE_DECL_GETC_UNLOCKED 1
| #define HAVE_DECL_GETCHAR_UNLOCKED 1
| #define HAVE_DECL_PUTC_UNLOCKED 1
| #define HAVE_DECL_PUTCHAR_UNLOCKED 1
| #define HAVE_FLOCKFILE 1
| #define HAVE_FUNLOCKFILE 1
| #define HAVE_FEATURES_H 1
| /* end confdefs.h.  */
| #include <stdio.h>
| #ifdef HAVE_SYS_TYPES_H
| # include <sys/types.h>
| #endif
| #ifdef HAVE_SYS_STAT_H
| # include <sys/stat.h>
| #endif
| #ifdef STDC_HEADERS
| # include <stdlib.h>
| # include <stddef.h>
| #else
| # ifdef HAVE_STDLIB_H
| #  include <stdlib.h>
| # endif
| #endif
| #ifdef HAVE_STRING_H
| # if !defined STDC_HEADERS && defined HAVE_MEMORY_H
| #  include <memory.h>
| # endif
| # include <string.h>
| #endif
| #ifdef HAVE_STRINGS_H
| # include <strings.h>
| #endif
| #ifdef HAVE_INTTYPES_H
| # include <inttypes.h>
| #endif
| #ifdef HAVE_STDINT_H
| # include <stdint.h>
| #endif
| #ifdef HAVE_UNISTD_H
| # include <unistd.h>
| #endif
| #include <linewrap.h>
configure:21730: result: no
configure:21734: checking linewrap.h presence
configure:21749: gcc -E  conftest.c
conftest.c:42:22: fatal error: linewrap.h: No such file or directory
compilation terminated.
configure:21755: $? = 1
configure: failed program was:
| /* confdefs.h.  */
| #define PACKAGE_NAME "GLoBES"
| #define PACKAGE_TARNAME "globes"
| #define PACKAGE_VERSION "3.0.11"
| #define PACKAGE_STRING "GLoBES 3.0.11"
| #define PACKAGE_BUGREPORT "globes@mpi-hd.mpg.de"
| #define PACKAGE "globes"
| #define VERSION "3.0.11"
| #define GLB_LIBVERSION "8:12:0"
| #define STDC_HEADERS 1
| #define HAVE_SYS_TYPES_H 1
| #define HAVE_SYS_STAT_H 1
| #define HAVE_STDLIB_H 1
| #define HAVE_STRING_H 1
| #define HAVE_MEMORY_H 1
| #define HAVE_STRINGS_H 1
| #define HAVE_INTTYPES_H 1
| #define HAVE_STDINT_H 1
| #define HAVE_UNISTD_H 1
| #define _GNU_SOURCE 1
| #define __EXTENSIONS__ 1
| #define HAVE_DLFCN_H 1
| #define HAVE_ALLOCA_H 1
| #define HAVE_ALLOCA 1
| #define HAVE_DECL_CLEARERR_UNLOCKED 1
| #define HAVE_DECL_FEOF_UNLOCKED 1
| #define HAVE_DECL_FERROR_UNLOCKED 1
| #define HAVE_DECL_FFLUSH_UNLOCKED 1
| #define HAVE_DECL_FGETS_UNLOCKED 1
| #define HAVE_DECL_FPUTC_UNLOCKED 1
| #define HAVE_DECL_FPUTS_UNLOCKED 1
| #define HAVE_DECL_FREAD_UNLOCKED 1
| #define HAVE_DECL_FWRITE_UNLOCKED 1
| #define HAVE_DECL_GETC_UNLOCKED 1
| #define HAVE_DECL_GETCHAR_UNLOCKED 1
| #define HAVE_DECL_PUTC_UNLOCKED 1
| #define HAVE_DECL_PUTCHAR_UNLOCKED 1
| #define HAVE_FLOCKFILE 1
| #define HAVE_FUNLOCKFILE 1
| #define HAVE_FEATURES_H 1
| /* end confdefs.h.  */
| #include <linewrap.h>
configure:21769: result: no
configure:21802: checking for linewrap.h
configure:21810: result: no
configure:21835: checking for inttypes.h
configure:21862: gcc -std=gnu99 -c -g -O2  conftest.c >&5
configure:21868: $? = 0
configure:21883: result: yes
configure:21894: checking for stdint.h
configure:21921: gcc -std=gnu99 -c -g -O2  conftest.c >&5
configure:21927: $? = 0
configure:21942: result: yes
configure:21953: checking for unsigned long long
configure:21980: gcc -std=gnu99 -o conftest -g -O2   conftest.c  >&5
configure:21986: $? = 0
configure:22003: result: yes
configure:22044: checking whether it is safe to define __EXTENSIONS__
configure:22072: gcc -std=gnu99 -c -g -O2  conftest.c >&5
configure:22078: $? = 0
configure:22093: result: yes
configure:22157: checking whether program_invocation_name is declared
configure:22187: gcc -std=gnu99 -c -g -O2  conftest.c >&5
configure:22193: $? = 0
configure:22208: result: yes
configure:22224: checking whether program_invocation_short_name is declared
configure:22254: gcc -std=gnu99 -c -g -O2  conftest.c >&5
configure:22260: $? = 0
configure:22275: result: yes
configure:22314: checking for argp_parse
configure:22370: gcc -std=gnu99 -o conftest -g -O2   conftest.c  >&5
configure:22376: $? = 0
configure:22393: result: yes
configure:22570: checking getopt.h usability
configure:22587: gcc -std=gnu99 -c -g -O2  conftest.c >&5
configure:22593: $? = 0
configure:22607: result: yes
configure:22611: checking getopt.h presence
configure:22626: gcc -E  conftest.c
configure:22632: $? = 0
configure:22646: result: yes
configure:22679: checking for getopt.h
configure:22687: result: yes
configure:22706: checking for getopt_long_only
configure:22762: gcc -std=gnu99 -o conftest -g -O2   conftest.c  >&5
configure:22768: $? = 0
configure:22786: result: yes
configure:22855: checking for mempcpy
configure:22911: gcc -std=gnu99 -o conftest -g -O2   conftest.c  >&5
conftest.c:77:6: warning: conflicting types for built-in function 'mempcpy' [enabled by default]
configure:22917: $? = 0
configure:22935: result: yes
configure:22960: checking for obstacks
configure:22991: gcc -std=gnu99 -o conftest -g -O2   conftest.c  >&5
configure:22997: $? = 0
configure:23014: result: yes
configure:23040: checking for C/C++ restrict keyword
configure:23063: gcc -std=gnu99 -c -g -O2  conftest.c >&5
configure:23069: $? = 0
configure:23086: result: restrict
configure:23107: checking for strcasecmp
configure:23163: gcc -std=gnu99 -o conftest -g -O2   conftest.c  >&5
conftest.c:79:6: warning: conflicting types for built-in function 'strcasecmp' [enabled by default]
configure:23169: $? = 0
configure:23187: result: yes
configure:23216: checking for strncasecmp
configure:23272: gcc -std=gnu99 -o conftest -g -O2   conftest.c  >&5
conftest.c:80:6: warning: conflicting types for built-in function 'strncasecmp' [enabled by default]
configure:23278: $? = 0
configure:23296: result: yes
configure:23328: checking for strchrnul
configure:23384: gcc -std=gnu99 -o conftest -g -O2   conftest.c  >&5
configure:23390: $? = 0
configure:23408: result: yes
configure:23437: checking for strndup
configure:23493: gcc -std=gnu99 -o conftest -g -O2   conftest.c  >&5
conftest.c:82:6: warning: conflicting types for built-in function 'strndup' [enabled by default]
configure:23499: $? = 0
configure:23517: result: yes
configure:23611: checking for working strnlen
configure:23655: gcc -std=gnu99 -o conftest -g -O2   conftest.c  >&5
configure:23658: $? = 0
configure:23664: ./conftest
configure:23667: $? = 0
configure:23683: result: yes
configure:23721: checking sysexits.h usability
configure:23738: gcc -std=gnu99 -c -g -O2  conftest.c >&5
configure:23744: $? = 0
configure:23758: result: yes
configure:23762: checking sysexits.h presence
configure:23777: gcc -E  conftest.c
configure:23783: $? = 0
configure:23797: result: yes
configure:23830: checking for sysexits.h
configure:23838: result: yes
configure:23861: checking for swig
configure:23879: found /usr/bin/swig
configure:23891: result: /usr/bin/swig
configure:24465: checking for main in -lm
configure:24494: gcc -std=gnu99 -o conftest -g -O2   conftest.c -lm   >&5
configure:24500: $? = 0
configure:24518: result: yes
configure:24558: checking for ld used by GCC
configure:24622: result: /usr/bin/ld -m elf_x86_64
configure:24631: checking if the linker (/usr/bin/ld -m elf_x86_64) is GNU ld
configure:24644: result: yes
configure:24650: checking for shared library run path origin
configure:24663: result: done
configure:24717: checking for gsl-config
configure:24735: found /usr/bin/gsl-config
configure:24748: result: /usr/bin/gsl-config
configure:24757: checking for GSL - version >= 0.2.5
configure:24877: gcc -std=gnu99 -o conftest -g -O2 -I/usr/include   conftest.c -lm  -Wl,--rpath -Wl,/usr/lib -L/usr/lib -lgsl -lgslcblas -lm >&5
conftest.c: In function 'main':
conftest.c:91:10: warning: ignoring return value of 'system', declared with attribute warn_unused_result [-Wunused-result]
configure:24880: $? = 0
configure:24886: ./conftest
configure:24889: $? = 0
configure:24909: result: yes
configure:25031: checking gsl/gsl_math.h usability
configure:25048: gcc -std=gnu99 -c -I/usr/include -g -O2 -I/usr/include  conftest.c >&5
configure:25054: $? = 0
configure:25068: result: yes
configure:25072: checking gsl/gsl_math.h presence
configure:25087: gcc -E -I/usr/include  conftest.c
configure:25093: $? = 0
configure:25107: result: yes
configure:25140: checking for gsl/gsl_math.h
configure:25148: result: yes
configure:25031: checking gsl/gsl_sf_erf.h usability
configure:25048: gcc -std=gnu99 -c -I/usr/include -g -O2 -I/usr/include  conftest.c >&5
configure:25054: $? = 0
configure:25068: result: yes
configure:25072: checking gsl/gsl_sf_erf.h presence
configure:25087: gcc -E -I/usr/include  conftest.c
configure:25093: $? = 0
configure:25107: result: yes
configure:25140: checking for gsl/gsl_sf_erf.h
configure:25148: result: yes
configure:25031: checking gsl/gsl_errno.h usability
configure:25048: gcc -std=gnu99 -c -I/usr/include -g -O2 -I/usr/include  conftest.c >&5
configure:25054: $? = 0
configure:25068: result: yes
configure:25072: checking gsl/gsl_errno.h presence
configure:25087: gcc -E -I/usr/include  conftest.c
configure:25093: $? = 0
configure:25107: result: yes
configure:25140: checking for gsl/gsl_errno.h
configure:25148: result: yes
configure:25167: checking for ANSI C header files
configure:25331: result: yes
configure:25342: checking for an ANSI C-conforming const
configure:25417: gcc -std=gnu99 -c -g -O2  conftest.c >&5
configure:25423: $? = 0
configure:25438: result: yes
configure:25448: checking for size_t
configure:25478: gcc -std=gnu99 -c -g -O2  conftest.c >&5
configure:25484: $? = 0
configure:25499: result: yes
configure:25518: checking for strdup
configure:25574: gcc -std=gnu99 -o conftest -g -O2   conftest.c -Wl,--rpath -Wl,/usr/lib -L/usr/lib -lgsl -lgslcblas -lm -lm  >&5
conftest.c:89:6: warning: conflicting types for built-in function 'strdup' [enabled by default]
configure:25580: $? = 0
configure:25598: result: yes
configure:25518: checking for mkstemp
configure:25574: gcc -std=gnu99 -o conftest -g -O2   conftest.c -Wl,--rpath -Wl,/usr/lib -L/usr/lib -lgsl -lgslcblas -lm -lm  >&5
configure:25580: $? = 0
configure:25598: result: yes
configure:25518: checking for tempnam
configure:25574: gcc -std=gnu99 -o conftest -g -O2   conftest.c -Wl,--rpath -Wl,/usr/lib -L/usr/lib -lgsl -lgslcblas -lm -lm  >&5
configure:25580: $? = 0
configure:25598: result: yes
configure:25979: creating ./config.status

## ---------------------- ##
## Running config.status. ##
## ---------------------- ##

This file was extended by GLoBES config.status 3.0.11, which was
generated by GNU Autoconf 2.61.  Invocation command line was

  CONFIG_FILES    = 
  CONFIG_HEADERS  = 
  CONFIG_LINKS    = 
  CONFIG_COMMANDS = 
  $ ./config.status 

on mamday

config.status:715: creating globes.spec
config.status:715: creating Makefile
config.status:715: creating lib/Makefile
config.status:715: creating globes/Makefile
config.status:715: creating globes/example.pl
config.status:715: creating source/Makefile
config.status:715: creating examples/Makefile
config.status:715: creating data/Makefile
config.status:715: creating globes-config
config.status:715: creating config.h
config.status:1044: executing depfiles commands

## ---------------- ##
## Cache variables. ##
## ---------------- ##

ac_cv_build=x86_64-unknown-linux-gnu
ac_cv_c_compiler_gnu=yes
ac_cv_c_const=yes
ac_cv_c_inline=inline
ac_cv_cxx_compiler_gnu=yes
ac_cv_env_CCC_set=
ac_cv_env_CCC_value=
ac_cv_env_CC_set=
ac_cv_env_CC_value=
ac_cv_env_CFLAGS_set=
ac_cv_env_CFLAGS_value=
ac_cv_env_CPPFLAGS_set=
ac_cv_env_CPPFLAGS_value=
ac_cv_env_CPP_set=
ac_cv_env_CPP_value=
ac_cv_env_CXXCPP_set=
ac_cv_env_CXXCPP_value=
ac_cv_env_CXXFLAGS_set=
ac_cv_env_CXXFLAGS_value=
ac_cv_env_CXX_set=
ac_cv_env_CXX_value=
ac_cv_env_F77_set=
ac_cv_env_F77_value=
ac_cv_env_FFLAGS_set=
ac_cv_env_FFLAGS_value=
ac_cv_env_LDFLAGS_set=
ac_cv_env_LDFLAGS_value=
ac_cv_env_LIBS_set=
ac_cv_env_LIBS_value=
ac_cv_env_YACC_set=
ac_cv_env_YACC_value=
ac_cv_env_YFLAGS_set=
ac_cv_env_YFLAGS_value=
ac_cv_env_build_alias_set=
ac_cv_env_build_alias_value=
ac_cv_env_host_alias_set=
ac_cv_env_host_alias_value=
ac_cv_env_target_alias_set=
ac_cv_env_target_alias_value=
ac_cv_f77_compiler_gnu=yes
ac_cv_func_alloca_works=yes
ac_cv_func_argp_parse=yes
ac_cv_func_argp_works=yes
ac_cv_func_flockfile=yes
ac_cv_func_funlockfile=yes
ac_cv_func_getopt_long_only=yes
ac_cv_func_mempcpy=yes
ac_cv_func_mkstemp=yes
ac_cv_func_obstack=yes
ac_cv_func_strcasecmp=yes
ac_cv_func_strchrnul=yes
ac_cv_func_strdup=yes
ac_cv_func_strncasecmp=yes
ac_cv_func_strndup=yes
ac_cv_func_strnlen_working=yes
ac_cv_func_tempnam=yes
ac_cv_have_decl_clearerr_unlocked=yes
ac_cv_have_decl_feof_unlocked=yes
ac_cv_have_decl_ferror_unlocked=yes
ac_cv_have_decl_fflush_unlocked=yes
ac_cv_have_decl_fgets_unlocked=yes
ac_cv_have_decl_fputc_unlocked=yes
ac_cv_have_decl_fputs_unlocked=yes
ac_cv_have_decl_fread_unlocked=yes
ac_cv_have_decl_fwrite_unlocked=yes
ac_cv_have_decl_getc_unlocked=yes
ac_cv_have_decl_getchar_unlocked=yes
ac_cv_have_decl_program_invocation_name=yes
ac_cv_have_decl_program_invocation_short_name=yes
ac_cv_have_decl_putc_unlocked=yes
ac_cv_have_decl_putchar_unlocked=yes
ac_cv_header_dlfcn_h=yes
ac_cv_header_features_h=yes
ac_cv_header_getopt_h=yes
ac_cv_header_gsl_gsl_errno_h=yes
ac_cv_header_gsl_gsl_math_h=yes
ac_cv_header_gsl_gsl_sf_erf_h=yes
ac_cv_header_inttypes_h=yes
ac_cv_header_linewrap_h=no
ac_cv_header_memory_h=yes
ac_cv_header_minix_config_h=no
ac_cv_header_stdc=yes
ac_cv_header_stdint_h=yes
ac_cv_header_stdlib_h=yes
ac_cv_header_string_h=yes
ac_cv_header_strings_h=yes
ac_cv_header_sys_stat_h=yes
ac_cv_header_sys_types_h=yes
ac_cv_header_sysexits_h=yes
ac_cv_header_unistd_h=yes
ac_cv_host=x86_64-unknown-linux-gnu
ac_cv_lib_m_main=yes
ac_cv_objext=o
ac_cv_path_EGREP='/bin/grep -E'
ac_cv_path_GREP=/bin/grep
ac_cv_path_GSL_CONFIG=/usr/bin/gsl-config
ac_cv_path_SWIG=/usr/bin/swig
ac_cv_path_install='/usr/bin/install -c'
ac_cv_path_mkdir=/bin/mkdir
ac_cv_prog_AWK=mawk
ac_cv_prog_CPP='gcc -E'
ac_cv_prog_CXXCPP='g++ -E'
ac_cv_prog_ac_ct_AR=ar
ac_cv_prog_ac_ct_CC=gcc
ac_cv_prog_ac_ct_CXX=g++
ac_cv_prog_ac_ct_F77=gfortran
ac_cv_prog_ac_ct_RANLIB=ranlib
ac_cv_prog_ac_ct_STRIP=strip
ac_cv_prog_cc_c89=
ac_cv_prog_cc_c99=-std=gnu99
ac_cv_prog_cc_g=yes
ac_cv_prog_cxx_g=yes
ac_cv_prog_f77_g=yes
ac_cv_prog_make_make_set=yes
ac_cv_safe_to_define___extensions__=yes
ac_cv_type_size_t=yes
ac_cv_type_unsigned_long_long=yes
ac_cv_working_alloca_h=yes
acl_cv_path_LD='/usr/bin/ld -m elf_x86_64'
acl_cv_prog_gnu_ld=yes
acl_cv_rpath=done
am_cv_CC_dependencies_compiler_type=gcc3
am_cv_CXX_dependencies_compiler_type=gcc3
gl_cv_c_restrict=restrict
gl_cv_header_inttypes_h=yes
gl_cv_header_stdint_h=yes
lt_cv_deplibs_check_method=pass_all
lt_cv_file_magic_cmd='$MAGIC_CMD'
lt_cv_file_magic_test_file=
lt_cv_ld_reload_flag=-r
lt_cv_objdir=.libs
lt_cv_path_LD=/usr/bin/ld
lt_cv_path_LDCXX='/usr/bin/ld -m elf_x86_64'
lt_cv_path_NM='/usr/bin/nm -B'
lt_cv_path_SED=/bin/sed
lt_cv_prog_compiler_c_o=yes
lt_cv_prog_compiler_c_o_CXX=yes
lt_cv_prog_compiler_c_o_F77=yes
lt_cv_prog_compiler_rtti_exceptions=no
lt_cv_prog_gnu_ld=yes
lt_cv_prog_gnu_ldcxx=yes
lt_cv_sys_global_symbol_pipe='sed -n -e '\''s/^.*[ 	]\([ABCDGIRSTW][ABCDGIRSTW]*\)[ 	][ 	]*\([_A-Za-z][_A-Za-z0-9]*\)$/\1 \2 \2/p'\'''
lt_cv_sys_global_symbol_to_c_name_address='sed -n -e '\''s/^: \([^ ]*\) $/  {\"\1\", (lt_ptr) 0},/p'\'' -e '\''s/^[BCDEGRST] \([^ ]*\) \([^ ]*\)$/  {"\2", (lt_ptr) \&\2},/p'\'''
lt_cv_sys_global_symbol_to_cdecl='sed -n -e '\''s/^. .* \(.*\)$/extern int \1;/p'\'''
lt_cv_sys_max_cmd_len=32768
lt_lt_cv_prog_compiler_c_o='"yes"'
lt_lt_cv_prog_compiler_c_o_CXX='"yes"'
lt_lt_cv_prog_compiler_c_o_F77='"yes"'
lt_lt_cv_sys_global_symbol_pipe='"sed -n -e '\''s/^.*[ 	]\\([ABCDGIRSTW][ABCDGIRSTW]*\\)[ 	][ 	]*\\([_A-Za-z][_A-Za-z0-9]*\\)\$/\\1 \\2 \\2/p'\''"'
lt_lt_cv_sys_global_symbol_to_c_name_address='"sed -n -e '\''s/^: \\([^ ]*\\) \$/  {\\\"\\1\\\", (lt_ptr) 0},/p'\'' -e '\''s/^[BCDEGRST] \\([^ ]*\\) \\([^ ]*\\)\$/  {\"\\2\", (lt_ptr) \\&\\2},/p'\''"'
lt_lt_cv_sys_global_symbol_to_cdecl='"sed -n -e '\''s/^. .* \\(.*\\)\$/extern int \\1;/p'\''"'

## ----------------- ##
## Output variables. ##
## ----------------- ##

ACLOCAL='${SHELL} /home/mamday/globes-3.0.11/missing --run aclocal-1.10'
ALLOCA=''
ALLOCA_H='alloca.h'
AMDEPBACKSLASH='\'
AMDEP_FALSE='#'
AMDEP_TRUE=''
AMTAR='${SHELL} /home/mamday/globes-3.0.11/missing --run tar'
AR='ar'
AUTOCONF='${SHELL} /home/mamday/globes-3.0.11/missing --run autoconf'
AUTOHEADER='${SHELL} /home/mamday/globes-3.0.11/missing --run autoheader'
AUTOMAKE='${SHELL} /home/mamday/globes-3.0.11/missing --run automake-1.10'
AWK='mawk'
CC='gcc -std=gnu99'
CCDEPMODE='depmode=gcc3'
CFLAGS='-g -O2'
CPP='gcc -E'
CPPFLAGS=''
CXX='g++'
CXXCPP='g++ -E'
CXXDEPMODE='depmode=gcc3'
CXXFLAGS='-g -O2'
CYGPATH_W='echo'
DEFS='-DHAVE_CONFIG_H'
DEPDIR='.deps'
ECHO='echo'
ECHO_C=''
ECHO_N='-n'
ECHO_T=''
EGREP='/bin/grep -E'
EXEEXT=''
F77='gfortran'
FFLAGS='-g -O2'
GETOPT_H=''
GLBLIBVERSION='8:12:0'
GREP='/bin/grep'
GSLINC='-I/usr/include'
GSL_CFLAGS='-I/usr/include'
GSL_CONFIG='/usr/bin/gsl-config'
GSL_LIBS='-Wl,--rpath -Wl,/usr/lib -L/usr/lib -lgsl -lgslcblas -lm'
INSTALL_DATA='${INSTALL} -m 644'
INSTALL_PROGRAM='${INSTALL}'
INSTALL_SCRIPT='${INSTALL}'
INSTALL_STRIP_PROGRAM='$(install_sh) -c -s'
LDFLAGS=''
LEX=':'
LEXLIB=''
LEX_OUTPUT_ROOT=''
LIBOBJS=''
LIBS='-Wl,--rpath -Wl,/usr/lib -L/usr/lib -lgsl -lgslcblas -lm -lm '
LIBTOOL='$(SHELL) $(top_builddir)/libtool'
LN_S='ln -s'
LTLIBOBJS=''
MAINT='#'
MAINTAINER_MODE_FALSE=''
MAINTAINER_MODE_TRUE='#'
MAKEINFO='${SHELL} /home/mamday/globes-3.0.11/missing --run makeinfo'
MAKE_RPMS_FALSE=''
MAKE_RPMS_TRUE='#'
NO_ARGP_FALSE=''
NO_ARGP_TRUE='#'
OBJEXT='o'
PACKAGE='globes'
PACKAGE_BUGREPORT='globes@mpi-hd.mpg.de'
PACKAGE_NAME='GLoBES'
PACKAGE_STRING='GLoBES 3.0.11'
PACKAGE_TARNAME='globes'
PACKAGE_VERSION='3.0.11'
PATH_SEPARATOR=':'
PERL_FALSE=''
PERL_TRUE='#'
RANLIB='ranlib'
RPM_ARCHS='x86_64'
RPM_ARGS=''
RPM_BUILD_DIR=''
RPM_CLEAN_NAMES=''
RPM_CONFIGURE_ARGS=''
RPM_DIR=''
RPM_PROG=''
RPM_RELEASE='0'
RPM_SOURCE_DIR=''
RPM_SRC_DIR=''
RPM_SRPM_NAME=''
RPM_TARBALL=''
RPM_TARGET=''
RPM_VERSION=''
SET_MAKE=''
SHELL='/bin/bash'
STRIP='strip'
SWIG='/usr/bin/swig'
SWIG_LIB=''
SYSEXITS_H='sysexits.h'
VERSION='3.0.11'
YACC='yacc'
YFLAGS=''
ac_ct_CC='gcc'
ac_ct_CXX='g++'
ac_ct_F77='gfortran'
am__fastdepCC_FALSE='#'
am__fastdepCC_TRUE=''
am__fastdepCXX_FALSE='#'
am__fastdepCXX_TRUE=''
am__include='include'
am__isrc=''
am__leading_dot='.'
am__quote=''
am__tar='${AMTAR} chof - "$$tardir"'
am__untar='${AMTAR} xf -'
bindir='${exec_prefix}/bin'
build='x86_64-unknown-linux-gnu'
build_alias=''
build_cpu='x86_64'
build_os='linux-gnu'
build_vendor='unknown'
datadir='${datarootdir}'
datarootdir='${prefix}/share'
docdir='${datarootdir}/doc/${PACKAGE_TARNAME}'
dvidir='${docdir}'
exec_prefix='${prefix}'
host='x86_64-unknown-linux-gnu'
host_alias=''
host_cpu='x86_64'
host_os='linux-gnu'
host_vendor='unknown'
htmldir='${docdir}'
includedir='${prefix}/include'
infodir='${datarootdir}/info'
install_sh='$(SHELL) /home/mamday/globes-3.0.11/install-sh'
libdir='${exec_prefix}/lib'
libexecdir='${exec_prefix}/libexec'
linkerflag='-Wl,--rpath -Wl,$libdir'
localedir='${datarootdir}/locale'
localstatedir='${prefix}/var'
mandir='${datarootdir}/man'
mkdir_p='/bin/mkdir -p'
oldincludedir='/usr/include'
pdfdir='${docdir}'
perl=''
perl_cflags=''
perl_includes=''
perl_installdir=''
prefix='/usr/local'
program_transform_name='s,x,x,'
psdir='${docdir}'
really_build_perl='no'
sbindir='${exec_prefix}/sbin'
sharedstatedir='${prefix}/com'
shrext_cmds='.so'
sysconfdir='${prefix}/etc'
target_alias=''

## ----------- ##
## confdefs.h. ##
## ----------- ##

#define PACKAGE_NAME "GLoBES"
#define PACKAGE_TARNAME "globes"
#define PACKAGE_VERSION "3.0.11"
#define PACKAGE_STRING "GLoBES 3.0.11"
#define PACKAGE_BUGREPORT "globes@mpi-hd.mpg.de"
#define PACKAGE "globes"
#define VERSION "3.0.11"
#define GLB_LIBVERSION "8:12:0"
#define STDC_HEADERS 1
#define HAVE_SYS_TYPES_H 1
#define HAVE_SYS_STAT_H 1
#define HAVE_STDLIB_H 1
#define HAVE_STRING_H 1
#define HAVE_MEMORY_H 1
#define HAVE_STRINGS_H 1
#define HAVE_INTTYPES_H 1
#define HAVE_STDINT_H 1
#define HAVE_UNISTD_H 1
#define _GNU_SOURCE 1
#define __EXTENSIONS__ 1
#define HAVE_DLFCN_H 1
#define HAVE_ALLOCA_H 1
#define HAVE_ALLOCA 1
#define HAVE_DECL_CLEARERR_UNLOCKED 1
#define HAVE_DECL_FEOF_UNLOCKED 1
#define HAVE_DECL_FERROR_UNLOCKED 1
#define HAVE_DECL_FFLUSH_UNLOCKED 1
#define HAVE_DECL_FGETS_UNLOCKED 1
#define HAVE_DECL_FPUTC_UNLOCKED 1
#define HAVE_DECL_FPUTS_UNLOCKED 1
#define HAVE_DECL_FREAD_UNLOCKED 1
#define HAVE_DECL_FWRITE_UNLOCKED 1
#define HAVE_DECL_GETC_UNLOCKED 1
#define HAVE_DECL_GETCHAR_UNLOCKED 1
#define HAVE_DECL_PUTC_UNLOCKED 1
#define HAVE_DECL_PUTCHAR_UNLOCKED 1
#define HAVE_FLOCKFILE 1
#define HAVE_FUNLOCKFILE 1
#define HAVE_FEATURES_H 1
#define HAVE_INTTYPES_H_WITH_UINTMAX 1
#define HAVE_STDINT_H_WITH_UINTMAX 1
#define HAVE_UNSIGNED_LONG_LONG 1
#define HAVE_UINTMAX_T 1
#define __EXTENSIONS__ 1
#define _POSIX_PTHREAD_SEMANTICS 1
#define HAVE_ALLOCA 1
#define HAVE_ALLOCA_H 1
#define HAVE_DECL_PROGRAM_INVOCATION_NAME 1
#define HAVE_DECL_PROGRAM_INVOCATION_SHORT_NAME 1
#define HAVE_GETOPT_H 1
#define HAVE_GETOPT_LONG_ONLY 1
#define HAVE_MEMPCPY 1
#define HAVE_OBSTACK 1
#define HAVE_STRCASECMP 1
#define HAVE_STRNCASECMP 1
#define HAVE_STRCHRNUL 1
#define HAVE_STRNDUP 1
#define HAVE_SYSEXITS_H 1
#define HAVE_LIBM 1
#define HAVE_GSL_GSL_MATH_H 1
#define HAVE_GSL_GSL_SF_ERF_H 1
#define HAVE_GSL_GSL_ERRNO_H 1
#define STDC_HEADERS 1
#define HAVE_STRDUP 1
#define HAVE_MKSTEMP 1
#define HAVE_TEMPNAM 1

configure: exit 0
